<?xml version="1.0" encoding="UTF-8"?>
<!-- Generated by org.testng.reporters.JUnitXMLReporter -->
<testsuite ignored="0" hostname="SRIIS" failures="0" tests="7" name="Test" time="5.622" errors="0" timestamp="2023-05-24T04:37:02 IST">
  <testcase classname="stepDefs.TestNG" name="browserLaunch" time="5.111"/>
  <testcase classname="stepDefs.TestNG" name="Login" time="0.003"/>
  <testcase classname="stepDefs.TestNG" name="validateUrl" time="0.003"/>
  <testcase classname="stepDefs.TestNG" name="validatePageTitle" time="0.002"/>
  <testcase classname="stepDefs.TestNG" name="Logout" time="0.002"/>
  <testcase classname="stepDefs.TestNG" name="close" time="0.159"/>
  <testcase classname="stepDefs.TestNG" name="quit" time="0.249"/>
</testsuite> <!-- Test -->
