<?xml version="1.0" encoding="UTF-8"?>
<testng-results ignored="0" total="7" passed="7" failed="0" skipped="0">
  <reporter-output>
  </reporter-output>
  <suite started-at="2023-05-24T04:36:57 IST" name="Suite" finished-at="2023-05-24T04:37:02 IST" duration-ms="5622">
    <groups>
    </groups>
    <test started-at="2023-05-24T04:36:57 IST" name="Test" finished-at="2023-05-24T04:37:02 IST" duration-ms="5622">
      <class name="stepDefs.TestNG">
        <test-method signature="browserLaunch()[pri:1, instance:stepDefs.TestNG@4c583ecf]" started-at="2023-05-24T04:36:57 IST" name="browserLaunch" finished-at="2023-05-24T04:37:02 IST" duration-ms="5111" status="PASS">
          <reporter-output>
          </reporter-output>
        </test-method> <!-- browserLaunch -->
        <test-method signature="Login()[pri:2, instance:stepDefs.TestNG@4c583ecf]" started-at="2023-05-24T04:37:02 IST" name="Login" finished-at="2023-05-24T04:37:02 IST" duration-ms="3" status="PASS">
          <reporter-output>
          </reporter-output>
        </test-method> <!-- Login -->
        <test-method signature="validateUrl()[pri:3, instance:stepDefs.TestNG@4c583ecf]" started-at="2023-05-24T04:37:02 IST" name="validateUrl" finished-at="2023-05-24T04:37:02 IST" duration-ms="3" status="PASS">
          <reporter-output>
          </reporter-output>
        </test-method> <!-- validateUrl -->
        <test-method signature="validatePageTitle()[pri:4, instance:stepDefs.TestNG@4c583ecf]" started-at="2023-05-24T04:37:02 IST" name="validatePageTitle" finished-at="2023-05-24T04:37:02 IST" duration-ms="2" status="PASS">
          <reporter-output>
          </reporter-output>
        </test-method> <!-- validatePageTitle -->
        <test-method signature="Logout()[pri:5, instance:stepDefs.TestNG@4c583ecf]" started-at="2023-05-24T04:37:02 IST" name="Logout" finished-at="2023-05-24T04:37:02 IST" duration-ms="2" status="PASS">
          <reporter-output>
          </reporter-output>
        </test-method> <!-- Logout -->
        <test-method signature="close()[pri:6, instance:stepDefs.TestNG@4c583ecf]" started-at="2023-05-24T04:37:02 IST" name="close" finished-at="2023-05-24T04:37:02 IST" duration-ms="159" status="PASS">
          <reporter-output>
          </reporter-output>
        </test-method> <!-- close -->
        <test-method signature="quit()[pri:7, instance:stepDefs.TestNG@4c583ecf]" started-at="2023-05-24T04:37:02 IST" name="quit" finished-at="2023-05-24T04:37:02 IST" duration-ms="249" status="PASS">
          <reporter-output>
          </reporter-output>
        </test-method> <!-- quit -->
      </class> <!-- stepDefs.TestNG -->
    </test> <!-- Test -->
  </suite> <!-- Suite -->
</testng-results>
